\BOOKMARK [1][-]{section.1}{\376\377\000A\000p\000p\000l\000i\000c\000a\000t\000i\000e\000\040\000b\000e\000s\000c\000h\000r\000i\000j\000v\000i\000n\000g}{}% 1
\BOOKMARK [1][-]{section.2}{\376\377\000T\000h\000e\000o\000r\000e\000t\000i\000s\000c\000h\000\040\000k\000a\000d\000e\000r}{}% 2
\BOOKMARK [1][-]{section.3}{\376\377\000S\000p\000e\000c\000i\000f\000i\000c\000a\000t\000i\000e\000s}{}% 3
\BOOKMARK [1][-]{section.4}{\376\377\000S\000y\000s\000t\000e\000e\000m\000n\000i\000v\000e\000a\000u}{}% 4
\BOOKMARK [1][-]{section.5}{\376\377\000B\000l\000o\000k\000s\000c\000h\000e\000m\000a\000\040\000n\000i\000v\000e\000a\000u}{}% 5
\BOOKMARK [2][-]{subsection.5.1}{\376\377\000T\000e\000m\000p\000e\000r\000a\000t\000u\000u\000r\000s\000e\000n\000s\000o\000r}{section.5}% 6
\BOOKMARK [2][-]{subsection.5.2}{\376\377\000S\000i\000g\000n\000a\000a\000l\000b\000e\000w\000e\000r\000k\000i\000n\000g}{section.5}% 7
\BOOKMARK [2][-]{subsection.5.3}{\376\377\000R\000e\000l\000a\000t\000i\000e\000v\000e\000\040\000l\000u\000c\000h\000t\000v\000o\000c\000h\000t\000i\000g\000h\000e\000i\000d\000\040\000s\000e\000n\000s\000o\000r}{section.5}% 8
\BOOKMARK [2][-]{subsection.5.4}{\376\377\000Z\000e\000n\000d\000m\000o\000d\000u\000l\000e}{section.5}% 9
\BOOKMARK [2][-]{subsection.5.5}{\376\377\000E\000n\000e\000r\000g\000i\000e\000v\000e\000r\000d\000e\000l\000i\000n\000g}{section.5}% 10
\BOOKMARK [2][-]{subsection.5.6}{\376\377\000f\000l\000o\000w\000c\000h\000a\000r\000t}{section.5}% 11
\BOOKMARK [2][-]{subsection.5.7}{\376\377\000V\000e\000r\000e\000e\000n\000v\000o\000u\000d\000i\000g\000e\000n\000\040\000v\000a\000n\000\040\000b\000l\000o\000k\000s\000c\000h\000e\000m\000a}{section.5}% 12
\BOOKMARK [1][-]{section.6}{\376\377\000C\000i\000r\000c\000u\000i\000t\000n\000i\000v\000e\000a\000u}{}% 13
\BOOKMARK [2][-]{subsection.6.1}{\376\377\000T\000e\000m\000p\000e\000r\000a\000t\000u\000u\000r\000s\000e\000n\000s\000o\000r}{section.6}% 14
\BOOKMARK [2][-]{subsection.6.2}{\376\377\000S\000i\000g\000n\000a\000a\000l\000\040\000v\000e\000r\000s\000t\000e\000r\000k\000i\000n\000g}{section.6}% 15
\BOOKMARK [2][-]{subsection.6.3}{\376\377\000A\000D\000C}{section.6}% 16
\BOOKMARK [2][-]{subsection.6.4}{\376\377\000D\000i\000g\000i\000t\000a\000l\000e\000\040\000b\000e\000w\000e\000r\000k\000i\000n\000g}{section.6}% 17
\BOOKMARK [2][-]{subsection.6.5}{\376\377\000D\000A\000C}{section.6}% 18
\BOOKMARK [2][-]{subsection.6.6}{\376\377\000Z\000e\000n\000d\000e\000r}{section.6}% 19
\BOOKMARK [1][-]{section.7}{\376\377\000C\000o\000m\000p\000o\000n\000e\000n\000t\000e\000n\000n\000i\000v\000e\000a\000u}{}% 20
\BOOKMARK [2][-]{subsection.7.1}{\376\377\000T\000e\000m\000p\000e\000r\000a\000t\000u\000u\000r\000\040\000s\000e\000n\000s\000o\000r}{section.7}% 21
\BOOKMARK [3][-]{subsubsection.7.1.1}{\376\377\000R\000u\000i\000s\000\040\000b\000e\000r\000e\000k\000e\000n\000i\000n\000g\000\040\000v\000a\000n\000\040\000d\000e\000\040\000S\000t\000r\000o\000o\000m\000b\000r\000o\000n}{subsection.7.1}% 22
\BOOKMARK [2][-]{subsection.7.2}{\376\377\000L\000u\000c\000h\000t\000v\000o\000c\000h\000t\000i\000g\000h\000e\000i\000d\000\040\000s\000e\000n\000s\000o\000r}{section.7}% 23
\BOOKMARK [2][-]{subsection.7.3}{\376\377\000D\000i\000g\000i\000t\000a\000l\000e\000\040\000b\000e\000w\000e\000r\000k\000i\000n\000g}{section.7}% 24
\BOOKMARK [2][-]{subsection.7.4}{\376\377\000I\000n\000s\000t\000r\000u\000m\000e\000n\000t\000a\000t\000i\000e\000\040\000v\000e\000r\000s\000t\000e\000r\000k\000e\000r}{section.7}% 25
\BOOKMARK [3][-]{subsubsection.7.4.1}{\376\377\000R\000u\000i\000s\000\040\000b\000e\000r\000e\000k\000e\000n\000i\000n\000g\000e\000n\000\040\000v\000a\000n\000\040\000d\000e\000\040\000I\000n\000s\000t\000r\000u\000m\000e\000n\000t\000a\000t\000i\000e\000\040\000v\000e\000r\000s\000t\000e\000r\000k\000e\000r}{subsection.7.4}% 26
\BOOKMARK [2][-]{subsection.7.5}{\376\377\000A\000n\000t\000i\000\040\000a\000l\000i\000a\000s\000i\000n\000g\000\040\000f\000i\000l\000t\000e\000r}{section.7}% 27
\BOOKMARK [2][-]{subsection.7.6}{\376\377\000Z\000e\000n\000d\000e\000r}{section.7}% 28
\BOOKMARK [1][-]{section.8}{\376\377\000V\000a\000l\000i\000d\000a\000t\000i\000e\000\040\000e\000n\000\040\000k\000a\000l\000i\000b\000r\000a\000t\000i\000e}{}% 29
\BOOKMARK [2][-]{subsection.8.1}{\376\377\000E\000n\000e\000r\000g\000i\000e\000\040\000v\000e\000r\000b\000r\000u\000i\000k}{section.8}% 30
\BOOKMARK [2][-]{subsection.8.2}{\376\377\000R\000e\000l\000a\000t\000i\000e\000v\000e\000\040\000l\000u\000c\000h\000t\000v\000o\000c\000h\000t\000i\000g\000h\000e\000i\000d\000\040\000s\000e\000n\000s\000o\000r}{section.8}% 31
\BOOKMARK [2][-]{subsection.8.3}{\376\377\000T\000e\000m\000p\000e\000r\000a\000t\000u\000u\000r\000\040\000s\000e\000n\000s\000o\000r}{section.8}% 32
\BOOKMARK [1][-]{section.9}{\376\377\000E\000M\000C}{}% 33
\BOOKMARK [1][-]{section.10}{\376\377\000B\000i\000j\000l\000a\000g\000e}{}% 34
\BOOKMARK [2][-]{subsection.10.1}{\376\377\000R\000u\000i\000s\000\040\000b\000e\000r\000e\000k\000e\000n\000i\000n\000g\000e\000n\000\040\000v\000o\000o\000r\000\040\000d\000e\000\040\000t\000e\000m\000p\000e\000r\000a\000t\000u\000u\000r\000s\000e\000n\000s\000o\000r}{section.10}% 35
\BOOKMARK [2][-]{subsection.10.2}{\376\377\000R\000u\000i\000s\000\040\000b\000e\000r\000e\000k\000e\000n\000i\000n\000g\000e\000n\000\040\000v\000o\000o\000r\000\040\000d\000e\000\040\000s\000t\000r\000o\000o\000m\000b\000r\000o\000n}{section.10}% 36
\BOOKMARK [1][-]{lstnumber.2.55}{\376\377\000L\000i\000j\000s\000t\000\040\000v\000a\000n\000\040\000F\000i\000g\000u\000r\000e\000n}{}% 37
\BOOKMARK [1][-]{section*.3}{\376\377\000L\000i\000j\000s\000t\000\040\000v\000a\000n\000\040\000T\000a\000b\000e\000l\000l\000e\000n}{}% 38
